<?xml version="1.0" encoding="UTF-8"?>
<!-- Generated by org.testng.reporters.JUnitXMLReporter -->
<testsuite ignored="2" hostname="DESKTOP-B0SMVD6" failures="0" tests="3" name="Test" time="19.656" errors="0" timestamp="2023-07-10T13:18:23 IST">
  <testcase classname="onBuy.com.TC.ProductTest" name="Producttest" time="5.853"/>
  <testcase classname="onBuy.com.TC.DeleteSubCategoryTest" name="DeleteSubcategorytest" time="2.011"/>
  <testcase classname="onBuy.com.TC.DeleteSubCategoryTest" name="checkinUserModule" time="3.466"/>
  <testcase classname="com.onbuy.genericutilities.BaseClass" name="@BeforeSuite connectDB" time="0.0">
    <ignored/>
  </testcase> <!-- @BeforeSuite connectDB -->
  <testcase classname="com.onbuy.genericutilities.BaseClass" name="@AfterSuite closeDB" time="0.0">
    <ignored/>
  </testcase> <!-- @AfterSuite closeDB -->
</testsuite> <!-- Test -->
