<?xml version="1.0" encoding="UTF-8"?>
<testng-results ignored="2" total="5" passed="3" failed="0" skipped="0">
  <reporter-output>
  </reporter-output>
  <suite started-at="2023-07-10T13:18:03 IST" name="Suite" finished-at="2023-07-10T13:18:23 IST" duration-ms="19656">
    <groups>
    </groups>
    <test started-at="2023-07-10T13:18:03 IST" name="Test" finished-at="2023-07-10T13:18:23 IST" duration-ms="19656">
      <class name="onBuy.com.TC.DeleteSubCategoryTest">
        <test-method is-config="true" signature="launchBrowser()[pri:0, instance:onBuy.com.TC.DeleteSubCategoryTest@4efbca5a]" started-at="2023-07-10T13:18:14 IST" name="launchBrowser" finished-at="2023-07-10T13:18:16 IST" duration-ms="1826" status="PASS">
          <reporter-output>
          </reporter-output>
        </test-method> <!-- launchBrowser -->
        <test-method is-config="true" signature="logintoapp()[pri:0, instance:onBuy.com.TC.DeleteSubCategoryTest@4efbca5a]" started-at="2023-07-10T13:18:16 IST" name="logintoapp" finished-at="2023-07-10T13:18:17 IST" duration-ms="636" status="PASS">
          <reporter-output>
          </reporter-output>
        </test-method> <!-- logintoapp -->
        <test-method signature="DeleteSubcategorytest()[pri:0, instance:onBuy.com.TC.DeleteSubCategoryTest@4efbca5a]" started-at="2023-07-10T13:18:17 IST" name="DeleteSubcategorytest" finished-at="2023-07-10T13:18:19 IST" duration-ms="2011" status="PASS">
          <reporter-output>
          </reporter-output>
        </test-method> <!-- DeleteSubcategorytest -->
        <test-method is-config="true" signature="logoutfromapp()[pri:0, instance:onBuy.com.TC.DeleteSubCategoryTest@4efbca5a]" started-at="2023-07-10T13:18:19 IST" name="logoutfromapp" finished-at="2023-07-10T13:18:19 IST" duration-ms="1" status="PASS">
          <reporter-output>
          </reporter-output>
        </test-method> <!-- logoutfromapp -->
        <test-method is-config="true" signature="logintoapp()[pri:0, instance:onBuy.com.TC.DeleteSubCategoryTest@4efbca5a]" started-at="2023-07-10T13:18:19 IST" name="logintoapp" finished-at="2023-07-10T13:18:19 IST" duration-ms="484" status="PASS">
          <reporter-output>
          </reporter-output>
        </test-method> <!-- logintoapp -->
        <test-method signature="checkinUserModule()[pri:0, instance:onBuy.com.TC.DeleteSubCategoryTest@4efbca5a]" started-at="2023-07-10T13:18:19 IST" name="checkinUserModule" finished-at="2023-07-10T13:18:23 IST" duration-ms="3466" status="PASS">
          <reporter-output>
          </reporter-output>
        </test-method> <!-- checkinUserModule -->
        <test-method is-config="true" signature="logoutfromapp()[pri:0, instance:onBuy.com.TC.DeleteSubCategoryTest@4efbca5a]" started-at="2023-07-10T13:18:23 IST" name="logoutfromapp" finished-at="2023-07-10T13:18:23 IST" duration-ms="1" status="PASS">
          <reporter-output>
          </reporter-output>
        </test-method> <!-- logoutfromapp -->
        <test-method is-config="true" signature="closeBrowser()[pri:0, instance:onBuy.com.TC.DeleteSubCategoryTest@4efbca5a]" started-at="2023-07-10T13:18:23 IST" name="closeBrowser" finished-at="2023-07-10T13:18:23 IST" duration-ms="386" status="PASS">
          <reporter-output>
          </reporter-output>
        </test-method> <!-- closeBrowser -->
      </class> <!-- onBuy.com.TC.DeleteSubCategoryTest -->
      <class name="onBuy.com.TC.ProductTest">
        <test-method is-config="true" signature="connectDB()[pri:0, instance:onBuy.com.TC.ProductTest@1623b78d]" started-at="2023-07-10T13:18:03 IST" name="connectDB" finished-at="2023-07-10T13:18:03 IST" duration-ms="477" status="PASS">
          <reporter-output>
          </reporter-output>
        </test-method> <!-- connectDB -->
        <test-method is-config="true" signature="launchBrowser()[pri:0, instance:onBuy.com.TC.ProductTest@1623b78d]" started-at="2023-07-10T13:18:03 IST" name="launchBrowser" finished-at="2023-07-10T13:18:07 IST" duration-ms="3869" status="PASS">
          <reporter-output>
          </reporter-output>
        </test-method> <!-- launchBrowser -->
        <test-method is-config="true" signature="logintoapp()[pri:0, instance:onBuy.com.TC.ProductTest@1623b78d]" started-at="2023-07-10T13:18:07 IST" name="logintoapp" finished-at="2023-07-10T13:18:08 IST" duration-ms="660" status="PASS">
          <reporter-output>
          </reporter-output>
        </test-method> <!-- logintoapp -->
        <test-method signature="Producttest()[pri:0, instance:onBuy.com.TC.ProductTest@1623b78d]" started-at="2023-07-10T13:18:08 IST" name="Producttest" finished-at="2023-07-10T13:18:14 IST" duration-ms="5853" status="PASS">
          <reporter-output>
          </reporter-output>
        </test-method> <!-- Producttest -->
        <test-method is-config="true" signature="logoutfromapp()[pri:0, instance:onBuy.com.TC.ProductTest@1623b78d]" started-at="2023-07-10T13:18:14 IST" name="logoutfromapp" finished-at="2023-07-10T13:18:14 IST" duration-ms="1" status="PASS">
          <reporter-output>
          </reporter-output>
        </test-method> <!-- logoutfromapp -->
        <test-method is-config="true" signature="closeBrowser()[pri:0, instance:onBuy.com.TC.ProductTest@1623b78d]" started-at="2023-07-10T13:18:14 IST" name="closeBrowser" finished-at="2023-07-10T13:18:14 IST" duration-ms="344" status="PASS">
          <reporter-output>
          </reporter-output>
        </test-method> <!-- closeBrowser -->
        <test-method is-config="true" signature="closeDB()[pri:0, instance:onBuy.com.TC.ProductTest@1623b78d]" started-at="2023-07-10T13:18:23 IST" name="closeDB" finished-at="2023-07-10T13:18:23 IST" duration-ms="14" status="PASS">
          <reporter-output>
          </reporter-output>
        </test-method> <!-- closeDB -->
      </class> <!-- onBuy.com.TC.ProductTest -->
    </test> <!-- Test -->
  </suite> <!-- Suite -->
</testng-results>
